<?xml version="1.0" encoding="UTF-8"?>
<!-- Generated by org.testng.reporters.JUnitReportReporter -->
<testsuite hostname="DESKTOP-4BSLIP7" failures="0" tests="2" name="com.amazon.test.HomePageTest" time="23.925" errors="0" timestamp="2022-10-25T14:03:09 EDT" skipped="0">
  <testcase classname="com.amazon.test.HomePageTest" name="homePageTitleTest" time="5.009"/>
  <system-out/>
  <testcase classname="com.amazon.test.HomePageTest" name="clickOnMenu" time="18.916"/>
  <system-out/>
</testsuite> <!-- com.amazon.test.HomePageTest -->
