<?xml version="1.0" encoding="UTF-8"?>
<!-- Generated by org.testng.reporters.JUnitReportReporter -->
<testsuite hostname="DESKTOP-4BSLIP7" failures="0" tests="2" name="com.amazon.test.ShoppingPageTest" time="46.044" errors="0" timestamp="2022-10-25T14:03:09 EDT" skipped="0">
  <testcase classname="com.amazon.test.ShoppingPageTest" name="ShoppingPage" time="25.722"/>
  <system-out/>
  <testcase classname="com.amazon.test.ShoppingPageTest" name="verifyShoppingPageTitle" time="20.322"/>
  <system-out/>
</testsuite> <!-- com.amazon.test.ShoppingPageTest -->
